<?xml version="1.0" encoding="UTF-8"?>
<!-- Generated by org.testng.reporters.JUnitXMLReporter -->
<testsuite ignored="0" hostname="AgnusJithin" failures="1" tests="8" name="Surefire test" time="55.899" errors="0" timestamp="2024-12-19T18:38:31 IST">
  <testcase classname="companyname.Framework.ErrorValidationTest" name="passwordValidation" time="0.887"/>
  <testcase classname="companyname.Framework.ErrorValidationTest" name="passwordValidation" time="0.979">
    <skipped/>
  </testcase> <!-- passwordValidation -->
  <testcase classname="companyname.Framework.ErrorValidationTest" name="passwordValidation" time="0.959">
    <skipped/>
  </testcase> <!-- passwordValidation -->
  <testcase classname="companyname.Framework.ErrorValidationTest" name="passwordValidation" time="0.986">
    <failure type="java.lang.AssertionError" message="expected [Incorrect email or password.] but found [Login Successfully]">
      <![CDATA[java.lang.AssertionError: expected [Incorrect email or password.] but found [Login Successfully]
at companyname.Framework.ErrorValidationTest.passwordValidation(ErrorValidationTest.java:22)
at java.base/java.util.ArrayList.forEach(ArrayList.java:1596)
... Removed 36 stack frames]]>
    </failure>
  </testcase> <!-- passwordValidation -->
  <testcase classname="companyname.Framework.LandingpageTest" name="submitOrder" time="4.933"/>
  <testcase classname="companyname.Framework.LandingpageTest" name="submitOrder" time="4.825"/>
  <testcase classname="companyname.Framework.LandingpageTest" name="verifyOrderHistory" time="0.801"/>
  <testcase classname="companyname.Framework.LandingpageTest" name="verifyOrderHistory" time="1.04"/>
</testsuite> <!-- Surefire test -->
